Build started 5/6/2014 6:37:38 PM.
     1>Project "C:\Users\Renee\Documents\OldComputerFiles\Renee\Documents\SchoolStuff\CIS170_IntroToC++\week7\week7Quiz\week7Quiz\week7Quiz.vcxproj" on node 2 (build target(s)).
     1>InitializeBuildStatus:
         Creating "Debug\week7Quiz.unsuccessfulbuild" because "AlwaysCreate" was specified.
       ClCompile:
         c:\Program Files (x86)\Microsoft Visual Studio 10.0\VC\bin\CL.exe /c /ZI /nologo /W3 /WX- /Od /Oy- /D WIN32 /D _DEBUG /D _CONSOLE /D _UNICODE /D UNICODE /Gm /EHsc /RTC1 /MDd /GS /fp:precise /Zc:wchar_t /Zc:forScope /Fo"Debug\\" /Fd"Debug\vc100.pdb" /Gd /TP /analyze- /errorReport:prompt discussion.cpp main.cpp
         main.cpp
         discussion.cpp
         Generating Code...
       ManifestResourceCompile:
         All outputs are up-to-date.
       Link:
         c:\Program Files (x86)\Microsoft Visual Studio 10.0\VC\bin\link.exe /ERRORREPORT:PROMPT /OUT:"C:\Users\Renee\Documents\OldComputerFiles\Renee\Documents\SchoolStuff\CIS170_IntroToC++\week7\week7Quiz\Debug\week7Quiz.exe" /INCREMENTAL /NOLOGO kernel32.lib user32.lib gdi32.lib winspool.lib comdlg32.lib advapi32.lib shell32.lib ole32.lib oleaut32.lib uuid.lib odbc32.lib odbccp32.lib /MANIFEST /ManifestFile:"Debug\week7Quiz.exe.intermediate.manifest" /MANIFESTUAC:"level='asInvoker' uiAccess='false'" /DEBUG /PDB:"C:\Users\Renee\Documents\OldComputerFiles\Renee\Documents\SchoolStuff\CIS170_IntroToC++\week7\week7Quiz\Debug\week7Quiz.pdb" /SUBSYSTEM:CONSOLE /TLBID:1 /DYNAMICBASE /NXCOMPAT /IMPLIB:"C:\Users\Renee\Documents\OldComputerFiles\Renee\Documents\SchoolStuff\CIS170_IntroToC++\week7\week7Quiz\Debug\week7Quiz.lib" /MACHINE:X86 Debug\week7Quiz.exe.embed.manifest.res
         Debug\discussion.obj
         Debug\main.obj
     1>main.obj : error LNK2005: _main already defined in discussion.obj
     1>C:\Users\Renee\Documents\OldComputerFiles\Renee\Documents\SchoolStuff\CIS170_IntroToC++\week7\week7Quiz\Debug\week7Quiz.exe : fatal error LNK1169: one or more multiply defined symbols found
     1>Done Building Project "C:\Users\Renee\Documents\OldComputerFiles\Renee\Documents\SchoolStuff\CIS170_IntroToC++\week7\week7Quiz\week7Quiz\week7Quiz.vcxproj" (build target(s)) -- FAILED.

Build FAILED.

Time Elapsed 00:00:06.62
